<?xml version="1.0" encoding="UTF-8" ?>
<testsuite failures="0" time="0.203" errors="0" skipped="0" tests="1" name="org.javier.introduccion.IntroduccionTest">
  <properties>
    <property name="java.runtime.name" value="Java(TM) SE Runtime Environment"/>
    <property name="sun.boot.library.path" value="c:\Sun\Java\jdk1.7.0_45\jre\bin"/>
    <property name="java.vm.version" value="24.45-b08"/>
    <property name="java.vm.vendor" value="Oracle Corporation"/>
    <property name="java.vendor.url" value="http://java.oracle.com/"/>
    <property name="path.separator" value=";"/>
    <property name="java.vm.name" value="Java HotSpot(TM) Client VM"/>
    <property name="file.encoding.pkg" value="sun.io"/>
    <property name="user.script" value=""/>
    <property name="user.country" value="ES"/>
    <property name="sun.java.launcher" value="SUN_STANDARD"/>
    <property name="sun.os.patch.level" value="Service Pack 3"/>
    <property name="java.vm.specification.name" value="Java Virtual Machine Specification"/>
    <property name="user.dir" value="C:\principiante\maven\introduccion\introducion"/>
    <property name="java.runtime.version" value="1.7.0_45-b18"/>
    <property name="java.awt.graphicsenv" value="sun.awt.Win32GraphicsEnvironment"/>
    <property name="basedir" value="C:\principiante\maven\introduccion\introducion"/>
    <property name="java.endorsed.dirs" value="c:\Sun\Java\jdk1.7.0_45\jre\lib\endorsed"/>
    <property name="os.arch" value="x86"/>
    <property name="surefire.real.class.path" value="C:\principiante\maven\introduccion\introducion\target\surefire\surefirebooter2511400565273588542.jar"/>
    <property name="java.io.tmpdir" value="C:\DOCUME~1\MARIA\CONFIG~1\Temp\"/>
    <property name="line.separator" value="
"/>
    <property name="java.vm.specification.vendor" value="Oracle Corporation"/>
    <property name="user.variant" value=""/>
    <property name="os.name" value="Windows XP"/>
    <property name="sun.jnu.encoding" value="Cp1252"/>
    <property name="java.library.path" value="c:\Sun\Java\jdk1.7.0_45\jre\bin;C:\WINDOWS\Sun\Java\bin;C:\WINDOWS\system32;C:\WINDOWS;D:\HashiCorp\Vagrant\embedded\mingw\bin\;C:\gradle-2.1\bin;C:\erl6.1\bin;C:\ruby187\bin;C:\Ruby193\bin;c:\c:\Sun\Java\jdk1.7.0_45\bin;C:\PHP;C:\WINDOWS\system32;C:\WINDOWS;C:\WINDOWS\System32\Wbem;c:\Sun\Java\jdk1.6.0_14\bin;C:\spring\springsource\apache-maven-3.0.3\bin;C:\apache-ant-1.8.2\bin;C:\Archivos de programa\cvsnt;C:\Archivos de programa\Archivos comunes\DivX Shared\;C:\Archivos de programa\SlikSvn\bin\;C:\apache-ant-1.8.2\bin;c:\curl;C:\Ruby200\bin;C:\Groovy\Groovy-2.1.3\bin;C:\grails\grails-2.2.2\bin;C:\Griffon-1.3.0\bin;C:\lift\sbt\0.7.7;C:\Heroku\bin;C:\Archivos de programa\git\cmd;C:\draupner;C:\WINDOWS\system32\WindowsPowerShell\v1.0;C:\Archivos de programa\Microsoft SQL Server\100\Tools\Binn\;C:\Archivos de programa\Microsoft SQL Server\100\DTS\Binn\;C:\Archivos de programa\Microsoft ASP.NET\ASP.NET Web Pages\v1.0\;C:\WINDOWS\Microsoft.NET\Framework\v4.0.30319;C:\Go\bin;C:\Mercurial\;C:\android\sdk\platform-tools;C:\android\sdk\tools;C:\Borland\BCC55\Bin;C:\GNUstep\mingw32\bin;D:\cygwin\bin;D:\cygwin\usr\bin;C:\nodejs\;C:\libxml2\bin;c:\BaseX\bin;c:\saxon;C:\Archivos de programa\MIT\Kerberos\bin;C:\Archivos de programa\Microsoft\Web Platform Installer\;C:\OpenVPN\bin;&quot;C:\Archivos de programa\Notepad++&quot;;C:\cobertura-2.0.3;D:\HashiCorp\Vagrant\bin;C:\Archivos;."/>
    <property name="surefire.test.class.path" value="C:\principiante\maven\introduccion\introducion\target\test-classes;C:\principiante\maven\introduccion\introducion\target\classes;C:\Documents and Settings\MARIA\.m2\repository\junit\junit\4.10\junit-4.10.jar;C:\Documents and Settings\MARIA\.m2\repository\org\hamcrest\hamcrest-core\1.1\hamcrest-core-1.1.jar;"/>
    <property name="java.specification.name" value="Java Platform API Specification"/>
    <property name="java.class.version" value="51.0"/>
    <property name="sun.management.compiler" value="HotSpot Client Compiler"/>
    <property name="os.version" value="5.1"/>
    <property name="user.home" value="C:\Documents and Settings\MARIA"/>
    <property name="user.timezone" value=""/>
    <property name="java.awt.printerjob" value="sun.awt.windows.WPrinterJob"/>
    <property name="java.specification.version" value="1.7"/>
    <property name="file.encoding" value="Cp1252"/>
    <property name="user.name" value="MARIA"/>
    <property name="java.class.path" value="C:\principiante\maven\introduccion\introducion\target\test-classes;C:\principiante\maven\introduccion\introducion\target\classes;C:\Documents and Settings\MARIA\.m2\repository\junit\junit\4.10\junit-4.10.jar;C:\Documents and Settings\MARIA\.m2\repository\org\hamcrest\hamcrest-core\1.1\hamcrest-core-1.1.jar;"/>
    <property name="java.vm.specification.version" value="1.7"/>
    <property name="sun.arch.data.model" value="32"/>
    <property name="java.home" value="c:\Sun\Java\jdk1.7.0_45\jre"/>
    <property name="sun.java.command" value="C:\principiante\maven\introduccion\introducion\target\surefire\surefirebooter2511400565273588542.jar C:\principiante\maven\introduccion\introducion\target\surefire\surefire583854355029398604tmp C:\principiante\maven\introduccion\introducion\target\surefire\surefire9168677169426418702tmp"/>
    <property name="java.specification.vendor" value="Oracle Corporation"/>
    <property name="user.language" value="es"/>
    <property name="awt.toolkit" value="sun.awt.windows.WToolkit"/>
    <property name="java.vm.info" value="mixed mode, sharing"/>
    <property name="java.version" value="1.7.0_45"/>
    <property name="java.ext.dirs" value="c:\Sun\Java\jdk1.7.0_45\jre\lib\ext;C:\WINDOWS\Sun\Java\lib\ext"/>
    <property name="sun.boot.class.path" value="c:\Sun\Java\jdk1.7.0_45\jre\lib\resources.jar;c:\Sun\Java\jdk1.7.0_45\jre\lib\rt.jar;c:\Sun\Java\jdk1.7.0_45\jre\lib\sunrsasign.jar;c:\Sun\Java\jdk1.7.0_45\jre\lib\jsse.jar;c:\Sun\Java\jdk1.7.0_45\jre\lib\jce.jar;c:\Sun\Java\jdk1.7.0_45\jre\lib\charsets.jar;c:\Sun\Java\jdk1.7.0_45\jre\lib\jfr.jar;c:\Sun\Java\jdk1.7.0_45\jre\classes"/>
    <property name="java.vendor" value="Oracle Corporation"/>
    <property name="localRepository" value="C:\Documents and Settings\MARIA\.m2\repository"/>
    <property name="file.separator" value="\"/>
    <property name="java.vendor.url.bug" value="http://bugreport.sun.com/bugreport/"/>
    <property name="sun.cpu.endian" value="little"/>
    <property name="sun.io.unicode.encoding" value="UnicodeLittle"/>
    <property name="sun.desktop" value="windows"/>
    <property name="sun.cpu.isalist" value="pentium_pro+mmx pentium_pro pentium+mmx pentium i486 i386 i86"/>
  </properties>
  <testcase time="0.015" classname="org.javier.introduccion.IntroduccionTest" name="imprimir"/>
</testsuite>